*** Using Compiler 'V6.16', folder: 'C:\Keil_v5\ARM\ARMCLANG\Bin'
Build target 'GD32E503'
compiling main.c...
compiling gprs.c...
linking...
Program Size: Code=81976 RO-data=5084 RW-data=1052 ZI-data=31764  
FromELF: creating hex file...
After Build - User command #1: C:\Keil_v5\ARM\ARMCC\bin\fromelf.exe --bin --output Output/SysCtrl_V11_GD32E503VCT6.bin Output/SysCtrl_V11_GD32E503VCT6.axf
After Build - User command #2: ../BOOT_CRC32.exe   output/SysCtrl_V11_GD32E503VCT6.bin
current time: 2022-07-12 10:24:38
argc 2 
../BOOT_CRC32.exe,size: 17
output/SysCtrl_V11_GD32E503VCT6.bin,size: 35
out file:output/SysCtrl_V11_GD32E503VCT6_20220712102438.bin
Hard Version File:../HardVer.txt
read hardware version success:SysCtrl V1.1
Source Bin file 87576 bytes
write file ok!
".\output\SysCtrl_V11_GD32E503VCT6.axf" - 0 Error(s), 0 Warning(s).
Build Time Elapsed:  00:00:02
