


ARM Macro Assembler    Page 1 


    1 00000000         ;/*!
    2 00000000         ;    \file    startup_gd32e50x_hd.s
    3 00000000         ;    \brief   start up file
    4 00000000         ;
    5 00000000         ;    \version 2020-03-10, V1.0.0, firmware for GD32E50x
    6 00000000         ;    \version 2020-08-26, V1.1.0, firmware for GD32E50x
    7 00000000         ;    \version 2021-03-23, V1.2.0, firmware for GD32E50x
    8 00000000         ;*/
    9 00000000         ;
   10 00000000         ;/*
   11 00000000         ;    Copyright (c) 2021, GigaDevice Semiconductor Inc.
   12 00000000         ;
   13 00000000         ;    Redistribution and use in source and binary forms, 
                       with or without modification, 
   14 00000000         ;are permitted provided that the following conditions ar
                       e met:
   15 00000000         ;
   16 00000000         ;    1. Redistributions of source code must retain the a
                       bove copyright notice, this 
   17 00000000         ;       list of conditions and the following disclaimer.
                       
   18 00000000         ;    2. Redistributions in binary form must reproduce th
                       e above copyright notice, 
   19 00000000         ;       this list of conditions and the following discla
                       imer in the documentation 
   20 00000000         ;       and/or other materials provided with the distrib
                       ution.
   21 00000000         ;    3. Neither the name of the copyright holder nor the
                        names of its contributors 
   22 00000000         ;       may be used to endorse or promote products deriv
                       ed from this software without 
   23 00000000         ;       specific prior written permission.
   24 00000000         ;
   25 00000000         ;    THIS SOFTWARE IS PROVIDED BY THE COPYRIGHT HOLDERS 
                       AND CONTRIBUTORS "AS IS" 
   26 00000000         ;AND ANY EXPRESS OR IMPLIED WARRANTIES, INCLUDING, BUT N
                       OT LIMITED TO, THE IMPLIED 
   27 00000000         ;WARRANTIES OF MERCHANTABILITY AND FITNESS FOR A PARTICU
                       LAR PURPOSE ARE DISCLAIMED. 
   28 00000000         ;IN NO EVENT SHALL THE COPYRIGHT HOLDER OR CONTRIBUTORS 
                       BE LIABLE FOR ANY DIRECT, 
   29 00000000         ;INDIRECT, INCIDENTAL, SPECIAL, EXEMPLARY, OR CONSEQUENT
                       IAL DAMAGES (INCLUDING, BUT 
   30 00000000         ;NOT LIMITED TO, PROCUREMENT OF SUBSTITUTE GOODS OR SERV
                       ICES; LOSS OF USE, DATA, OR 
   31 00000000         ;PROFITS; OR BUSINESS INTERRUPTION) HOWEVER CAUSED AND O
                       N ANY THEORY OF LIABILITY, 
   32 00000000         ;WHETHER IN CONTRACT, STRICT LIABILITY, OR TORT (INCLUDI
                       NG NEGLIGENCE OR OTHERWISE) 
   33 00000000         ;ARISING IN ANY WAY OUT OF THE USE OF THIS SOFTWARE, EVE
                       N IF ADVISED OF THE POSSIBILITY 
   34 00000000         ;OF SUCH DAMAGE.
   35 00000000         ;*/
   36 00000000         
   37 00000000         ; <h> Stack Configuration
   38 00000000         ;   <o> Stack Size (in Bytes) <0x0-0xFFFFFFFF:8>
   39 00000000         ; </h>
   40 00000000         
   41 00000000         ;Stack_Size      EQU     0x00001000



ARM Macro Assembler    Page 2 


   42 00000000 00002000 
                       Stack_Size
                               EQU              0x00002000
   43 00000000         
   44 00000000                 AREA             STACK, NOINIT, READWRITE, ALIGN
=3
   45 00000000         Stack_Mem
                               SPACE            Stack_Size
   46 00002000         __initial_sp
   47 00002000         
   48 00002000         
   49 00002000         ; <h> Heap Configuration
   50 00002000         ;   <o>  Heap Size (in Bytes) <0x0-0xFFFFFFFF:8>
   51 00002000         ; </h>
   52 00002000         
   53 00002000 00001000 
                       Heap_Size
                               EQU              0x00001000
   54 00002000         
   55 00002000                 AREA             HEAP, NOINIT, READWRITE, ALIGN=
3
   56 00000000         __heap_base
   57 00000000         Heap_Mem
                               SPACE            Heap_Size
   58 00001000         __heap_limit
   59 00001000         
   60 00001000                 PRESERVE8
   61 00001000                 THUMB
   62 00001000         
   63 00001000         ;               /* reset Vector Mapped to at Address 0 *
                       /
   64 00001000                 AREA             RESET, DATA, READONLY
   65 00000000                 EXPORT           __Vectors
   66 00000000                 EXPORT           __Vectors_End
   67 00000000                 EXPORT           __Vectors_Size
   68 00000000         
   69 00000000 00000000 
                       __Vectors
                               DCD              __initial_sp ; Top of Stack
   70 00000004 00000000        DCD              Reset_Handler ; Reset Handler
   71 00000008 00000000        DCD              NMI_Handler ; NMI Handler
   72 0000000C 00000000        DCD              HardFault_Handler ; Hard Fault 
                                                            Handler
   73 00000010 00000000        DCD              MemManage_Handler 
                                                            ; MPU Fault Handler
                                                            
   74 00000014 00000000        DCD              BusFault_Handler 
                                                            ; Bus Fault Handler
                                                            
   75 00000018 00000000        DCD              UsageFault_Handler ; Usage Faul
                                                            t Handler
   76 0000001C 00000000        DCD              0           ; Reserved
   77 00000020 00000000        DCD              0           ; Reserved
   78 00000024 00000000        DCD              0           ; Reserved
   79 00000028 00000000        DCD              0           ; Reserved
   80 0000002C 00000000        DCD              SVC_Handler ; SVCall Handler
   81 00000030 00000000        DCD              DebugMon_Handler ; Debug Monito
                                                            r Handler
   82 00000034 00000000        DCD              0           ; Reserved



ARM Macro Assembler    Page 3 


   83 00000038 00000000        DCD              PendSV_Handler ; PendSV Handler
                                                            
   84 0000003C 00000000        DCD              SysTick_Handler 
                                                            ; SysTick Handler
   85 00000040         
   86 00000040         ;               /* external interrupts handler */
   87 00000040 00000000        DCD              WWDGT_IRQHandler ; 16:Window Wa
                                                            tchdog Timer
   88 00000044 00000000        DCD              LVD_IRQHandler ; 17:LVD through
                                                             EXTI Line detect
   89 00000048 00000000        DCD              TAMPER_IRQHandler ; 18:Tamper t
                                                            hrough EXTI Line de
                                                            tect
   90 0000004C 00000000        DCD              RTC_IRQHandler ; 19:RTC through
                                                             EXTI Line
   91 00000050 00000000        DCD              FMC_IRQHandler ; 20:FMC
   92 00000054 00000000        DCD              RCU_CTC_IRQHandler 
                                                            ; 21:RCU and CTC
   93 00000058 00000000        DCD              EXTI0_IRQHandler 
                                                            ; 22:EXTI Line 0
   94 0000005C 00000000        DCD              EXTI1_IRQHandler 
                                                            ; 23:EXTI Line 1
   95 00000060 00000000        DCD              EXTI2_IRQHandler 
                                                            ; 24:EXTI Line 2
   96 00000064 00000000        DCD              EXTI3_IRQHandler 
                                                            ; 25:EXTI Line 3
   97 00000068 00000000        DCD              EXTI4_IRQHandler 
                                                            ; 26:EXTI Line 4
   98 0000006C 00000000        DCD              DMA0_Channel0_IRQHandler 
                                                            ; 27:DMA0 Channel0
   99 00000070 00000000        DCD              DMA0_Channel1_IRQHandler 
                                                            ; 28:DMA0 Channel1
  100 00000074 00000000        DCD              DMA0_Channel2_IRQHandler 
                                                            ; 29:DMA0 Channel2
  101 00000078 00000000        DCD              DMA0_Channel3_IRQHandler 
                                                            ; 30:DMA0 Channel3
  102 0000007C 00000000        DCD              DMA0_Channel4_IRQHandler 
                                                            ; 31:DMA0 Channel4
  103 00000080 00000000        DCD              DMA0_Channel5_IRQHandler 
                                                            ; 32:DMA0 Channel5
  104 00000084 00000000        DCD              DMA0_Channel6_IRQHandler 
                                                            ; 33:DMA0 Channel6
  105 00000088 00000000        DCD              ADC0_1_IRQHandler 
                                                            ; 34:ADC0 and ADC1
  106 0000008C 00000000        DCD              USBD_HP_CAN0_TX_IRQHandler ; 35
                                                            :USBD HP or CAN0 TX
                                                            
  107 00000090 00000000        DCD              USBD_LP_CAN0_RX0_IRQHandler ; 3
                                                            6:USBD LP or CAN0 R
                                                            X0
  108 00000094 00000000        DCD              CAN0_RX1_IRQHandler 
                                                            ; 37:CAN0 RX1
  109 00000098 00000000        DCD              CAN0_EWMC_IRQHandler 
                                                            ; 38:CAN0 EWMC
  110 0000009C 00000000        DCD              EXTI5_9_IRQHandler 
                                                            ; 39:EXTI5 to EXTI9
                                                            
  111 000000A0 00000000        DCD              TIMER0_BRK_IRQHandler 
                                                            ; 40:TIMER0 Break



ARM Macro Assembler    Page 4 


  112 000000A4 00000000        DCD              TIMER0_UP_IRQHandler 
                                                            ; 41:TIMER0 Update
  113 000000A8 00000000        DCD              TIMER0_TRG_CMT_IRQHandler ; 42:
                                                            TIMER0 Trigger and 
                                                            Commutation
  114 000000AC 00000000        DCD              TIMER0_Channel_IRQHandler ; 43:
                                                            TIMER0 Channel Capt
                                                            ure Compare
  115 000000B0 00000000        DCD              TIMER1_IRQHandler ; 44:TIMER1
  116 000000B4 00000000        DCD              TIMER2_IRQHandler ; 45:TIMER2
  117 000000B8 00000000        DCD              TIMER3_IRQHandler ; 46:TIMER3
  118 000000BC 00000000        DCD              I2C0_EV_IRQHandler 
                                                            ; 47:I2C0 Event
  119 000000C0 00000000        DCD              I2C0_ER_IRQHandler 
                                                            ; 48:I2C0 Error
  120 000000C4 00000000        DCD              I2C1_EV_IRQHandler 
                                                            ; 49:I2C1 Event
  121 000000C8 00000000        DCD              I2C1_ER_IRQHandler 
                                                            ; 50:I2C1 Error
  122 000000CC 00000000        DCD              SPI0_IRQHandler ; 51:SPI0
  123 000000D0 00000000        DCD              SPI1_I2S1ADD_IRQHandler ; 52:SP
                                                            I1 or I2S1ADD
  124 000000D4 00000000        DCD              USART0_IRQHandler ; 53:USART0
  125 000000D8 00000000        DCD              USART1_IRQHandler ; 54:USART1
  126 000000DC 00000000        DCD              USART2_IRQHandler ; 55:USART2
  127 000000E0 00000000        DCD              EXTI10_15_IRQHandler ; 56:EXTI1
                                                            0 to EXTI15
  128 000000E4 00000000        DCD              RTC_Alarm_IRQHandler 
                                                            ; 57:RTC Alarm
  129 000000E8 00000000        DCD              USBD_WKUP_IRQHandler 
                                                            ; 58:USBD Wakeup
  130 000000EC 00000000        DCD              TIMER7_BRK_IRQHandler 
                                                            ; 59:TIMER7 Break
  131 000000F0 00000000        DCD              TIMER7_UP_IRQHandler 
                                                            ; 60:TIMER7 Update
  132 000000F4 00000000        DCD              TIMER7_TRG_CMT_IRQHandler ; 61:
                                                            TIMER7 Trigger and 
                                                            Commutation
  133 000000F8 00000000        DCD              TIMER7_Channel_IRQHandler ; 62:
                                                            TIMER7 Channel Capt
                                                            ure Compare
  134 000000FC 00000000        DCD              ADC2_IRQHandler ; 63:ADC2
  135 00000100 00000000        DCD              EXMC_IRQHandler ; 64:EXMC
  136 00000104 00000000        DCD              SDIO_IRQHandler ; 65:SDIO
  137 00000108 00000000        DCD              TIMER4_IRQHandler ; 66:TIMER4
  138 0000010C 00000000        DCD              SPI2_I2S2ADD_IRQHandler ; 67:SP
                                                            I2 or I2S2ADD
  139 00000110 00000000        DCD              UART3_IRQHandler ; 68:UART3
  140 00000114 00000000        DCD              UART4_IRQHandler ; 69:UART4
  141 00000118 00000000        DCD              TIMER5_DAC_IRQHandler 
                                                            ; 70:TIMER5 or DAC
  142 0000011C 00000000        DCD              TIMER6_IRQHandler ; 71:TIMER6
  143 00000120 00000000        DCD              DMA1_Channel0_IRQHandler 
                                                            ; 72:DMA1 Channel0
  144 00000124 00000000        DCD              DMA1_Channel1_IRQHandler 
                                                            ; 73:DMA1 Channel1
  145 00000128 00000000        DCD              DMA1_Channel2_IRQHandler 
                                                            ; 74:DMA1 Channel2
  146 0000012C 00000000        DCD              DMA1_Channel3_4_IRQHandler ; 75



ARM Macro Assembler    Page 5 


                                                            :DMA1 Channel3 and 
                                                            Channel4
  147 00000130 00000000        DCD              0           ; Reserved
  148 00000134 00000000        DCD              0           ; Reserved
  149 00000138 00000000        DCD              0           ; Reserved
  150 0000013C 00000000        DCD              CAN1_TX_IRQHandler ; 79:CAN1 TX
                                                            
  151 00000140 00000000        DCD              CAN1_RX0_IRQHandler 
                                                            ; 80:CAN1 RX0
  152 00000144 00000000        DCD              CAN1_RX1_IRQHandler 
                                                            ; 81:CAN1 RX1
  153 00000148 00000000        DCD              CAN1_EWMC_IRQHandler 
                                                            ; 82:CAN1 EWMC
  154 0000014C 00000000        DCD              0           ; Reserved
  155 00000150 00000000        DCD              0           ; Reserved
  156 00000154 00000000        DCD              SHRTIMER_IRQ2_IRQHandler 
                                                            ; 85:SHRTIMER IRQ2
  157 00000158 00000000        DCD              SHRTIMER_IRQ3_IRQHandler 
                                                            ; 86:SHRTIMER IRQ3
  158 0000015C 00000000        DCD              SHRTIMER_IRQ4_IRQHandler 
                                                            ; 87:SHRTIMER IRQ4
  159 00000160 00000000        DCD              SHRTIMER_IRQ5_IRQHandler 
                                                            ; 88:SHRTIMER IRQ5
  160 00000164 00000000        DCD              SHRTIMER_IRQ6_IRQHandler 
                                                            ; 89:SHRTIMER IRQ6
  161 00000168 00000000        DCD              0           ; Reserved
  162 0000016C 00000000        DCD              0           ; Reserved
  163 00000170 00000000        DCD              SHRTIMER_IRQ0_IRQHandler 
                                                            ; 92:SHRTIMER IRQ0
  164 00000174 00000000        DCD              SHRTIMER_IRQ1_IRQHandler 
                                                            ; 93:SHRTIMER IRQ1
  165 00000178 00000000        DCD              0           ; Reserved
  166 0000017C 00000000        DCD              0           ; Reserved
  167 00000180 00000000        DCD              0           ; Reserved
  168 00000184 00000000        DCD              0           ; Reserved
  169 00000188 00000000        DCD              I2C2_EV_IRQHandler 
                                                            ; 98:I2C2 Event
  170 0000018C 00000000        DCD              I2C2_ER_IRQHandler 
                                                            ; 99:I2C2 Error
  171 00000190 00000000        DCD              USART5_IRQHandler ; 100:USART5
  172 00000194 00000000        DCD              I2C2_WKUP_IRQHandler 
                                                            ; 101:I2C2 Wakeup
  173 00000198 00000000        DCD              USART5_WKUP_IRQHandler 
                                                            ; 102:USART5 Wakeup
                                                            
  174 0000019C 00000000        DCD              0           ; Reserved
  175 000001A0         
  176 000001A0         __Vectors_End
  177 000001A0         
  178 000001A0 000001A0 
                       __Vectors_Size
                               EQU              __Vectors_End - __Vectors
  179 000001A0         
  180 000001A0                 AREA             |.text|, CODE, READONLY
  181 00000000         
  182 00000000         ;/* reset Handler */
  183 00000000         Reset_Handler
                               PROC
  184 00000000                 EXPORT           Reset_Handler                  



ARM Macro Assembler    Page 6 


   [WEAK]
  185 00000000                 IMPORT           SystemInit
  186 00000000                 IMPORT           __main
  187 00000000 4808            LDR              R0, =SystemInit
  188 00000002 4780            BLX              R0
  189 00000004 4808            LDR              R0, =__main
  190 00000006 4700            BX               R0
  191 00000008                 ENDP
  192 00000008         
  193 00000008         MSR_MSP2
                               PROC
  194 00000008                 EXPORT           MSR_MSP2
  195 00000008 F380 8808       MSR              MSP, R0
  196 0000000C 4770            BX               R14
  197 0000000E                 ENDP
  198 0000000E         
  199 0000000E         
  200 0000000E         ;/* dummy Exception Handlers */
  201 0000000E         NMI_Handler
                               PROC
  202 0000000E                 EXPORT           NMI_Handler                    
   [WEAK]
  203 0000000E E7FE            B                .
  204 00000010                 ENDP
  206 00000010         HardFault_Handler
                               PROC
  207 00000010                 EXPORT           HardFault_Handler              
   [WEAK]
  208 00000010 E7FE            B                .
  209 00000012                 ENDP
  211 00000012         MemManage_Handler
                               PROC
  212 00000012                 EXPORT           MemManage_Handler              
   [WEAK]
  213 00000012 E7FE            B                .
  214 00000014                 ENDP
  216 00000014         BusFault_Handler
                               PROC
  217 00000014                 EXPORT           BusFault_Handler               
   [WEAK]
  218 00000014 E7FE            B                .
  219 00000016                 ENDP
  221 00000016         UsageFault_Handler
                               PROC
  222 00000016                 EXPORT           UsageFault_Handler             
   [WEAK]
  223 00000016 E7FE            B                .
  224 00000018                 ENDP
  225 00000018         SVC_Handler
                               PROC
  226 00000018                 EXPORT           SVC_Handler                    
   [WEAK]
  227 00000018 E7FE            B                .
  228 0000001A                 ENDP
  230 0000001A         DebugMon_Handler
                               PROC
  231 0000001A                 EXPORT           DebugMon_Handler               
   [WEAK]
  232 0000001A E7FE            B                .



ARM Macro Assembler    Page 7 


  233 0000001C                 ENDP
  235 0000001C         PendSV_Handler
                               PROC
  236 0000001C                 EXPORT           PendSV_Handler                 
   [WEAK]
  237 0000001C E7FE            B                .
  238 0000001E                 ENDP
  240 0000001E         SysTick_Handler
                               PROC
  241 0000001E                 EXPORT           SysTick_Handler                
   [WEAK]
  242 0000001E E7FE            B                .
  243 00000020                 ENDP
  244 00000020         
  245 00000020         Default_Handler
                               PROC
  246 00000020         ;               /* external interrupts handler */
  247 00000020                 EXPORT           WWDGT_IRQHandler               
   [WEAK]
  248 00000020                 EXPORT           LVD_IRQHandler                 
   [WEAK]
  249 00000020                 EXPORT           TAMPER_IRQHandler              
   [WEAK]
  250 00000020                 EXPORT           RTC_IRQHandler                 
   [WEAK]
  251 00000020                 EXPORT           FMC_IRQHandler                 
   [WEAK]
  252 00000020                 EXPORT           RCU_CTC_IRQHandler             
   [WEAK]
  253 00000020                 EXPORT           EXTI0_IRQHandler               
   [WEAK]
  254 00000020                 EXPORT           EXTI1_IRQHandler               
   [WEAK]
  255 00000020                 EXPORT           EXTI2_IRQHandler               
   [WEAK]
  256 00000020                 EXPORT           EXTI3_IRQHandler               
   [WEAK]
  257 00000020                 EXPORT           EXTI4_IRQHandler               
   [WEAK]
  258 00000020                 EXPORT           DMA0_Channel0_IRQHandler       
   [WEAK]
  259 00000020                 EXPORT           DMA0_Channel1_IRQHandler       
   [WEAK]
  260 00000020                 EXPORT           DMA0_Channel2_IRQHandler       
   [WEAK]
  261 00000020                 EXPORT           DMA0_Channel3_IRQHandler       
   [WEAK]
  262 00000020                 EXPORT           DMA0_Channel4_IRQHandler       
   [WEAK]
  263 00000020                 EXPORT           DMA0_Channel5_IRQHandler       
   [WEAK]
  264 00000020                 EXPORT           DMA0_Channel6_IRQHandler       
   [WEAK]
  265 00000020                 EXPORT           ADC0_1_IRQHandler              
   [WEAK]
  266 00000020                 EXPORT           USBD_HP_CAN0_TX_IRQHandler     
   [WEAK]
  267 00000020                 EXPORT           USBD_LP_CAN0_RX0_IRQHandler    
   [WEAK]



ARM Macro Assembler    Page 8 


  268 00000020                 EXPORT           CAN0_RX1_IRQHandler            
   [WEAK]
  269 00000020                 EXPORT           CAN0_EWMC_IRQHandler           
   [WEAK]
  270 00000020                 EXPORT           EXTI5_9_IRQHandler             
   [WEAK]
  271 00000020                 EXPORT           TIMER0_BRK_IRQHandler          
   [WEAK]
  272 00000020                 EXPORT           TIMER0_UP_IRQHandler           
   [WEAK]
  273 00000020                 EXPORT           TIMER0_TRG_CMT_IRQHandler      
   [WEAK]
  274 00000020                 EXPORT           TIMER0_Channel_IRQHandler      
   [WEAK]
  275 00000020                 EXPORT           TIMER1_IRQHandler              
   [WEAK]
  276 00000020                 EXPORT           TIMER2_IRQHandler              
   [WEAK]
  277 00000020                 EXPORT           TIMER3_IRQHandler              
   [WEAK]
  278 00000020                 EXPORT           I2C0_EV_IRQHandler             
   [WEAK]
  279 00000020                 EXPORT           I2C0_ER_IRQHandler             
   [WEAK]
  280 00000020                 EXPORT           I2C1_EV_IRQHandler             
   [WEAK]
  281 00000020                 EXPORT           I2C1_ER_IRQHandler             
   [WEAK]
  282 00000020                 EXPORT           SPI0_IRQHandler                
   [WEAK]
  283 00000020                 EXPORT           SPI1_I2S1ADD_IRQHandler        
   [WEAK]
  284 00000020                 EXPORT           USART0_IRQHandler              
   [WEAK]
  285 00000020                 EXPORT           USART1_IRQHandler              
   [WEAK]
  286 00000020                 EXPORT           USART2_IRQHandler              
   [WEAK]
  287 00000020                 EXPORT           EXTI10_15_IRQHandler           
   [WEAK]
  288 00000020                 EXPORT           RTC_Alarm_IRQHandler           
   [WEAK]
  289 00000020                 EXPORT           USBD_WKUP_IRQHandler           
   [WEAK]
  290 00000020                 EXPORT           TIMER7_BRK_IRQHandler          
   [WEAK]
  291 00000020                 EXPORT           TIMER7_UP_IRQHandler           
   [WEAK]
  292 00000020                 EXPORT           TIMER7_TRG_CMT_IRQHandler      
   [WEAK]
  293 00000020                 EXPORT           TIMER7_Channel_IRQHandler      
   [WEAK]
  294 00000020                 EXPORT           ADC2_IRQHandler                
   [WEAK]
  295 00000020                 EXPORT           EXMC_IRQHandler                
   [WEAK]
  296 00000020                 EXPORT           SDIO_IRQHandler                
   [WEAK]
  297 00000020                 EXPORT           TIMER4_IRQHandler              



ARM Macro Assembler    Page 9 


   [WEAK]
  298 00000020                 EXPORT           SPI2_I2S2ADD_IRQHandler        
   [WEAK]
  299 00000020                 EXPORT           UART3_IRQHandler               
   [WEAK]
  300 00000020                 EXPORT           UART4_IRQHandler               
   [WEAK]
  301 00000020                 EXPORT           TIMER5_DAC_IRQHandler          
   [WEAK]
  302 00000020                 EXPORT           TIMER6_IRQHandler              
   [WEAK]
  303 00000020                 EXPORT           DMA1_Channel0_IRQHandler       
   [WEAK]
  304 00000020                 EXPORT           DMA1_Channel1_IRQHandler       
   [WEAK]
  305 00000020                 EXPORT           DMA1_Channel2_IRQHandler       
   [WEAK]
  306 00000020                 EXPORT           DMA1_Channel3_4_IRQHandler     
   [WEAK]
  307 00000020                 EXPORT           CAN1_TX_IRQHandler             
   [WEAK]
  308 00000020                 EXPORT           CAN1_RX0_IRQHandler            
   [WEAK]
  309 00000020                 EXPORT           CAN1_RX1_IRQHandler            
   [WEAK]
  310 00000020                 EXPORT           CAN1_EWMC_IRQHandler           
   [WEAK]
  311 00000020                 EXPORT           SHRTIMER_IRQ2_IRQHandler       
   [WEAK]
  312 00000020                 EXPORT           SHRTIMER_IRQ3_IRQHandler       
   [WEAK]
  313 00000020                 EXPORT           SHRTIMER_IRQ4_IRQHandler       
   [WEAK]
  314 00000020                 EXPORT           SHRTIMER_IRQ5_IRQHandler       
   [WEAK]
  315 00000020                 EXPORT           SHRTIMER_IRQ6_IRQHandler       
   [WEAK]
  316 00000020                 EXPORT           SHRTIMER_IRQ0_IRQHandler       
   [WEAK]
  317 00000020                 EXPORT           SHRTIMER_IRQ1_IRQHandler       
   [WEAK]
  318 00000020                 EXPORT           I2C2_EV_IRQHandler             
   [WEAK]
  319 00000020                 EXPORT           I2C2_ER_IRQHandler             
   [WEAK]
  320 00000020                 EXPORT           USART5_IRQHandler              
   [WEAK]
  321 00000020                 EXPORT           I2C2_WKUP_IRQHandler           
   [WEAK]
  322 00000020                 EXPORT           USART5_WKUP_IRQHandler         
   [WEAK]
  323 00000020         
  324 00000020         ;/* external interrupts handler */
  325 00000020         WWDGT_IRQHandler
  326 00000020         LVD_IRQHandler
  327 00000020         TAMPER_IRQHandler
  328 00000020         RTC_IRQHandler
  329 00000020         FMC_IRQHandler
  330 00000020         RCU_CTC_IRQHandler



ARM Macro Assembler    Page 10 


  331 00000020         EXTI0_IRQHandler
  332 00000020         EXTI1_IRQHandler
  333 00000020         EXTI2_IRQHandler
  334 00000020         EXTI3_IRQHandler
  335 00000020         EXTI4_IRQHandler
  336 00000020         DMA0_Channel0_IRQHandler
  337 00000020         DMA0_Channel1_IRQHandler
  338 00000020         DMA0_Channel2_IRQHandler
  339 00000020         DMA0_Channel3_IRQHandler
  340 00000020         DMA0_Channel4_IRQHandler
  341 00000020         DMA0_Channel5_IRQHandler
  342 00000020         DMA0_Channel6_IRQHandler
  343 00000020         ADC0_1_IRQHandler
  344 00000020         USBD_HP_CAN0_TX_IRQHandler
  345 00000020         USBD_LP_CAN0_RX0_IRQHandler
  346 00000020         CAN0_RX1_IRQHandler
  347 00000020         CAN0_EWMC_IRQHandler
  348 00000020         EXTI5_9_IRQHandler
  349 00000020         TIMER0_BRK_IRQHandler
  350 00000020         TIMER0_UP_IRQHandler
  351 00000020         TIMER0_TRG_CMT_IRQHandler
  352 00000020         TIMER0_Channel_IRQHandler
  353 00000020         TIMER1_IRQHandler
  354 00000020         TIMER2_IRQHandler
  355 00000020         TIMER3_IRQHandler
  356 00000020         I2C0_EV_IRQHandler
  357 00000020         I2C0_ER_IRQHandler
  358 00000020         I2C1_EV_IRQHandler
  359 00000020         I2C1_ER_IRQHandler
  360 00000020         SPI0_IRQHandler
  361 00000020         SPI1_I2S1ADD_IRQHandler
  362 00000020         USART0_IRQHandler
  363 00000020         USART1_IRQHandler
  364 00000020         USART2_IRQHandler
  365 00000020         EXTI10_15_IRQHandler
  366 00000020         RTC_Alarm_IRQHandler
  367 00000020         USBD_WKUP_IRQHandler
  368 00000020         TIMER7_BRK_IRQHandler
  369 00000020         TIMER7_UP_IRQHandler
  370 00000020         TIMER7_TRG_CMT_IRQHandler
  371 00000020         TIMER7_Channel_IRQHandler
  372 00000020         ADC2_IRQHandler
  373 00000020         EXMC_IRQHandler
  374 00000020         SDIO_IRQHandler
  375 00000020         TIMER4_IRQHandler
  376 00000020         SPI2_I2S2ADD_IRQHandler
  377 00000020         UART3_IRQHandler
  378 00000020         UART4_IRQHandler
  379 00000020         TIMER5_DAC_IRQHandler
  380 00000020         TIMER6_IRQHandler
  381 00000020         DMA1_Channel0_IRQHandler
  382 00000020         DMA1_Channel1_IRQHandler
  383 00000020         DMA1_Channel2_IRQHandler
  384 00000020         DMA1_Channel3_4_IRQHandler
  385 00000020         CAN1_TX_IRQHandler
  386 00000020         CAN1_RX0_IRQHandler
  387 00000020         CAN1_RX1_IRQHandler
  388 00000020         CAN1_EWMC_IRQHandler
  389 00000020         SHRTIMER_IRQ2_IRQHandler



ARM Macro Assembler    Page 11 


  390 00000020         SHRTIMER_IRQ3_IRQHandler
  391 00000020         SHRTIMER_IRQ4_IRQHandler
  392 00000020         SHRTIMER_IRQ5_IRQHandler
  393 00000020         SHRTIMER_IRQ6_IRQHandler
  394 00000020         SHRTIMER_IRQ0_IRQHandler
  395 00000020         SHRTIMER_IRQ1_IRQHandler
  396 00000020         I2C2_EV_IRQHandler
  397 00000020         I2C2_ER_IRQHandler
  398 00000020         USART5_IRQHandler
  399 00000020         I2C2_WKUP_IRQHandler
  400 00000020         USART5_WKUP_IRQHandler
  401 00000020         
  402 00000020 E7FE            B                .
  403 00000022                 ENDP
  404 00000022         
  405 00000022 00 00           ALIGN
  406 00000024         
  407 00000024         ; user Initial Stack & Heap
  408 00000024         
  409 00000024                 IF               :DEF:__MICROLIB
  410 00000024         
  411 00000024                 EXPORT           __initial_sp
  412 00000024                 EXPORT           __heap_base
  413 00000024                 EXPORT           __heap_limit
  414 00000024         
  415 00000024                 ELSE
  430                          ENDIF
  431 00000024         
  432 00000024                 END
              00000000 
              00000000 
Command Line: --debug --xref --diag_suppress=9931 --cpu=Cortex-M33 --fpu=FPv5-S
P --depend=.\output\startup_gd32e50x_hd.d -o.\output\startup_gd32e50x_hd.o -I.\
RTE\_GD32E503 -IC:\Users\wjj--\AppData\Local\Arm\Packs\ARM\CMSIS\5.8.0\CMSIS\Co
re\Include -IC:\Users\wjj--\AppData\Local\Arm\Packs\GigaDevice\GD32E50x_DFP\1.3
.1\Device\Include --predefine="__MICROLIB SETA 1" --predefine="__UVISION_VERSIO
N SETA 535" --predefine="_RTE_ SETA 1" --predefine="GD32E50x_HD SETA 1" --prede
fine="_RTE_ SETA 1" --list=.\list\startup_gd32e50x_hd.lst ..\..\GD32E50x_Firmwa
re_Library\CMSIS\GD\GD32E50x\Source\ARM\startup_gd32e50x_hd.s



ARM Macro Assembler    Page 1 Alphabetic symbol ordering
Relocatable symbols

STACK 00000000

Symbol: STACK
   Definitions
      At line 44 in file ..\..\GD32E50x_Firmware_Library\CMSIS\GD\GD32E50x\Sour
ce\ARM\startup_gd32e50x_hd.s
   Uses
      None
Comment: STACK unused
Stack_Mem 00000000

Symbol: Stack_Mem
   Definitions
      At line 45 in file ..\..\GD32E50x_Firmware_Library\CMSIS\GD\GD32E50x\Sour
ce\ARM\startup_gd32e50x_hd.s
   Uses
      None
Comment: Stack_Mem unused
__initial_sp 00002000

Symbol: __initial_sp
   Definitions
      At line 46 in file ..\..\GD32E50x_Firmware_Library\CMSIS\GD\GD32E50x\Sour
ce\ARM\startup_gd32e50x_hd.s
   Uses
      At line 69 in file ..\..\GD32E50x_Firmware_Library\CMSIS\GD\GD32E50x\Sour
ce\ARM\startup_gd32e50x_hd.s
      At line 411 in file ..\..\GD32E50x_Firmware_Library\CMSIS\GD\GD32E50x\Sou
rce\ARM\startup_gd32e50x_hd.s

3 symbols



ARM Macro Assembler    Page 1 Alphabetic symbol ordering
Relocatable symbols

HEAP 00000000

Symbol: HEAP
   Definitions
      At line 55 in file ..\..\GD32E50x_Firmware_Library\CMSIS\GD\GD32E50x\Sour
ce\ARM\startup_gd32e50x_hd.s
   Uses
      None
Comment: HEAP unused
Heap_Mem 00000000

Symbol: Heap_Mem
   Definitions
      At line 57 in file ..\..\GD32E50x_Firmware_Library\CMSIS\GD\GD32E50x\Sour
ce\ARM\startup_gd32e50x_hd.s
   Uses
      None
Comment: Heap_Mem unused
__heap_base 00000000

Symbol: __heap_base
   Definitions
      At line 56 in file ..\..\GD32E50x_Firmware_Library\CMSIS\GD\GD32E50x\Sour
ce\ARM\startup_gd32e50x_hd.s
   Uses
      At line 412 in file ..\..\GD32E50x_Firmware_Library\CMSIS\GD\GD32E50x\Sou
rce\ARM\startup_gd32e50x_hd.s
Comment: __heap_base used once
__heap_limit 00001000

Symbol: __heap_limit
   Definitions
      At line 58 in file ..\..\GD32E50x_Firmware_Library\CMSIS\GD\GD32E50x\Sour
ce\ARM\startup_gd32e50x_hd.s
   Uses
      At line 413 in file ..\..\GD32E50x_Firmware_Library\CMSIS\GD\GD32E50x\Sou
rce\ARM\startup_gd32e50x_hd.s
Comment: __heap_limit used once
4 symbols



ARM Macro Assembler    Page 1 Alphabetic symbol ordering
Relocatable symbols

RESET 00000000

Symbol: RESET
   Definitions
      At line 64 in file ..\..\GD32E50x_Firmware_Library\CMSIS\GD\GD32E50x\Sour
ce\ARM\startup_gd32e50x_hd.s
   Uses
      None
Comment: RESET unused
__Vectors 00000000

Symbol: __Vectors
   Definitions
      At line 69 in file ..\..\GD32E50x_Firmware_Library\CMSIS\GD\GD32E50x\Sour
ce\ARM\startup_gd32e50x_hd.s
   Uses
      At line 65 in file ..\..\GD32E50x_Firmware_Library\CMSIS\GD\GD32E50x\Sour
ce\ARM\startup_gd32e50x_hd.s
      At line 178 in file ..\..\GD32E50x_Firmware_Library\CMSIS\GD\GD32E50x\Sou
rce\ARM\startup_gd32e50x_hd.s

__Vectors_End 000001A0

Symbol: __Vectors_End
   Definitions
      At line 176 in file ..\..\GD32E50x_Firmware_Library\CMSIS\GD\GD32E50x\Sou
rce\ARM\startup_gd32e50x_hd.s
   Uses
      At line 66 in file ..\..\GD32E50x_Firmware_Library\CMSIS\GD\GD32E50x\Sour
ce\ARM\startup_gd32e50x_hd.s
      At line 178 in file ..\..\GD32E50x_Firmware_Library\CMSIS\GD\GD32E50x\Sou
rce\ARM\startup_gd32e50x_hd.s

3 symbols



ARM Macro Assembler    Page 1 Alphabetic symbol ordering
Relocatable symbols

.text 00000000

Symbol: .text
   Definitions
      At line 180 in file ..\..\GD32E50x_Firmware_Library\CMSIS\GD\GD32E50x\Sou
rce\ARM\startup_gd32e50x_hd.s
   Uses
      None
Comment: .text unused
ADC0_1_IRQHandler 00000020

Symbol: ADC0_1_IRQHandler
   Definitions
      At line 343 in file ..\..\GD32E50x_Firmware_Library\CMSIS\GD\GD32E50x\Sou
rce\ARM\startup_gd32e50x_hd.s
   Uses
      At line 105 in file ..\..\GD32E50x_Firmware_Library\CMSIS\GD\GD32E50x\Sou
rce\ARM\startup_gd32e50x_hd.s
      At line 265 in file ..\..\GD32E50x_Firmware_Library\CMSIS\GD\GD32E50x\Sou
rce\ARM\startup_gd32e50x_hd.s

ADC2_IRQHandler 00000020

Symbol: ADC2_IRQHandler
   Definitions
      At line 372 in file ..\..\GD32E50x_Firmware_Library\CMSIS\GD\GD32E50x\Sou
rce\ARM\startup_gd32e50x_hd.s
   Uses
      At line 134 in file ..\..\GD32E50x_Firmware_Library\CMSIS\GD\GD32E50x\Sou
rce\ARM\startup_gd32e50x_hd.s
      At line 294 in file ..\..\GD32E50x_Firmware_Library\CMSIS\GD\GD32E50x\Sou
rce\ARM\startup_gd32e50x_hd.s

BusFault_Handler 00000014

Symbol: BusFault_Handler
   Definitions
      At line 216 in file ..\..\GD32E50x_Firmware_Library\CMSIS\GD\GD32E50x\Sou
rce\ARM\startup_gd32e50x_hd.s
   Uses
      At line 74 in file ..\..\GD32E50x_Firmware_Library\CMSIS\GD\GD32E50x\Sour
ce\ARM\startup_gd32e50x_hd.s
      At line 217 in file ..\..\GD32E50x_Firmware_Library\CMSIS\GD\GD32E50x\Sou
rce\ARM\startup_gd32e50x_hd.s

CAN0_EWMC_IRQHandler 00000020

Symbol: CAN0_EWMC_IRQHandler
   Definitions
      At line 347 in file ..\..\GD32E50x_Firmware_Library\CMSIS\GD\GD32E50x\Sou
rce\ARM\startup_gd32e50x_hd.s
   Uses
      At line 109 in file ..\..\GD32E50x_Firmware_Library\CMSIS\GD\GD32E50x\Sou
rce\ARM\startup_gd32e50x_hd.s
      At line 269 in file ..\..\GD32E50x_Firmware_Library\CMSIS\GD\GD32E50x\Sou
rce\ARM\startup_gd32e50x_hd.s

CAN0_RX1_IRQHandler 00000020




ARM Macro Assembler    Page 2 Alphabetic symbol ordering
Relocatable symbols

Symbol: CAN0_RX1_IRQHandler
   Definitions
      At line 346 in file ..\..\GD32E50x_Firmware_Library\CMSIS\GD\GD32E50x\Sou
rce\ARM\startup_gd32e50x_hd.s
   Uses
      At line 108 in file ..\..\GD32E50x_Firmware_Library\CMSIS\GD\GD32E50x\Sou
rce\ARM\startup_gd32e50x_hd.s
      At line 268 in file ..\..\GD32E50x_Firmware_Library\CMSIS\GD\GD32E50x\Sou
rce\ARM\startup_gd32e50x_hd.s

CAN1_EWMC_IRQHandler 00000020

Symbol: CAN1_EWMC_IRQHandler
   Definitions
      At line 388 in file ..\..\GD32E50x_Firmware_Library\CMSIS\GD\GD32E50x\Sou
rce\ARM\startup_gd32e50x_hd.s
   Uses
      At line 153 in file ..\..\GD32E50x_Firmware_Library\CMSIS\GD\GD32E50x\Sou
rce\ARM\startup_gd32e50x_hd.s
      At line 310 in file ..\..\GD32E50x_Firmware_Library\CMSIS\GD\GD32E50x\Sou
rce\ARM\startup_gd32e50x_hd.s

CAN1_RX0_IRQHandler 00000020

Symbol: CAN1_RX0_IRQHandler
   Definitions
      At line 386 in file ..\..\GD32E50x_Firmware_Library\CMSIS\GD\GD32E50x\Sou
rce\ARM\startup_gd32e50x_hd.s
   Uses
      At line 151 in file ..\..\GD32E50x_Firmware_Library\CMSIS\GD\GD32E50x\Sou
rce\ARM\startup_gd32e50x_hd.s
      At line 308 in file ..\..\GD32E50x_Firmware_Library\CMSIS\GD\GD32E50x\Sou
rce\ARM\startup_gd32e50x_hd.s

CAN1_RX1_IRQHandler 00000020

Symbol: CAN1_RX1_IRQHandler
   Definitions
      At line 387 in file ..\..\GD32E50x_Firmware_Library\CMSIS\GD\GD32E50x\Sou
rce\ARM\startup_gd32e50x_hd.s
   Uses
      At line 152 in file ..\..\GD32E50x_Firmware_Library\CMSIS\GD\GD32E50x\Sou
rce\ARM\startup_gd32e50x_hd.s
      At line 309 in file ..\..\GD32E50x_Firmware_Library\CMSIS\GD\GD32E50x\Sou
rce\ARM\startup_gd32e50x_hd.s

CAN1_TX_IRQHandler 00000020

Symbol: CAN1_TX_IRQHandler
   Definitions
      At line 385 in file ..\..\GD32E50x_Firmware_Library\CMSIS\GD\GD32E50x\Sou
rce\ARM\startup_gd32e50x_hd.s
   Uses
      At line 150 in file ..\..\GD32E50x_Firmware_Library\CMSIS\GD\GD32E50x\Sou
rce\ARM\startup_gd32e50x_hd.s
      At line 307 in file ..\..\GD32E50x_Firmware_Library\CMSIS\GD\GD32E50x\Sou
rce\ARM\startup_gd32e50x_hd.s

DMA0_Channel0_IRQHandler 00000020



ARM Macro Assembler    Page 3 Alphabetic symbol ordering
Relocatable symbols


Symbol: DMA0_Channel0_IRQHandler
   Definitions
      At line 336 in file ..\..\GD32E50x_Firmware_Library\CMSIS\GD\GD32E50x\Sou
rce\ARM\startup_gd32e50x_hd.s
   Uses
      At line 98 in file ..\..\GD32E50x_Firmware_Library\CMSIS\GD\GD32E50x\Sour
ce\ARM\startup_gd32e50x_hd.s
      At line 258 in file ..\..\GD32E50x_Firmware_Library\CMSIS\GD\GD32E50x\Sou
rce\ARM\startup_gd32e50x_hd.s

DMA0_Channel1_IRQHandler 00000020

Symbol: DMA0_Channel1_IRQHandler
   Definitions
      At line 337 in file ..\..\GD32E50x_Firmware_Library\CMSIS\GD\GD32E50x\Sou
rce\ARM\startup_gd32e50x_hd.s
   Uses
      At line 99 in file ..\..\GD32E50x_Firmware_Library\CMSIS\GD\GD32E50x\Sour
ce\ARM\startup_gd32e50x_hd.s
      At line 259 in file ..\..\GD32E50x_Firmware_Library\CMSIS\GD\GD32E50x\Sou
rce\ARM\startup_gd32e50x_hd.s

DMA0_Channel2_IRQHandler 00000020

Symbol: DMA0_Channel2_IRQHandler
   Definitions
      At line 338 in file ..\..\GD32E50x_Firmware_Library\CMSIS\GD\GD32E50x\Sou
rce\ARM\startup_gd32e50x_hd.s
   Uses
      At line 100 in file ..\..\GD32E50x_Firmware_Library\CMSIS\GD\GD32E50x\Sou
rce\ARM\startup_gd32e50x_hd.s
      At line 260 in file ..\..\GD32E50x_Firmware_Library\CMSIS\GD\GD32E50x\Sou
rce\ARM\startup_gd32e50x_hd.s

DMA0_Channel3_IRQHandler 00000020

Symbol: DMA0_Channel3_IRQHandler
   Definitions
      At line 339 in file ..\..\GD32E50x_Firmware_Library\CMSIS\GD\GD32E50x\Sou
rce\ARM\startup_gd32e50x_hd.s
   Uses
      At line 101 in file ..\..\GD32E50x_Firmware_Library\CMSIS\GD\GD32E50x\Sou
rce\ARM\startup_gd32e50x_hd.s
      At line 261 in file ..\..\GD32E50x_Firmware_Library\CMSIS\GD\GD32E50x\Sou
rce\ARM\startup_gd32e50x_hd.s

DMA0_Channel4_IRQHandler 00000020

Symbol: DMA0_Channel4_IRQHandler
   Definitions
      At line 340 in file ..\..\GD32E50x_Firmware_Library\CMSIS\GD\GD32E50x\Sou
rce\ARM\startup_gd32e50x_hd.s
   Uses
      At line 102 in file ..\..\GD32E50x_Firmware_Library\CMSIS\GD\GD32E50x\Sou
rce\ARM\startup_gd32e50x_hd.s
      At line 262 in file ..\..\GD32E50x_Firmware_Library\CMSIS\GD\GD32E50x\Sou
rce\ARM\startup_gd32e50x_hd.s




ARM Macro Assembler    Page 4 Alphabetic symbol ordering
Relocatable symbols

DMA0_Channel5_IRQHandler 00000020

Symbol: DMA0_Channel5_IRQHandler
   Definitions
      At line 341 in file ..\..\GD32E50x_Firmware_Library\CMSIS\GD\GD32E50x\Sou
rce\ARM\startup_gd32e50x_hd.s
   Uses
      At line 103 in file ..\..\GD32E50x_Firmware_Library\CMSIS\GD\GD32E50x\Sou
rce\ARM\startup_gd32e50x_hd.s
      At line 263 in file ..\..\GD32E50x_Firmware_Library\CMSIS\GD\GD32E50x\Sou
rce\ARM\startup_gd32e50x_hd.s

DMA0_Channel6_IRQHandler 00000020

Symbol: DMA0_Channel6_IRQHandler
   Definitions
      At line 342 in file ..\..\GD32E50x_Firmware_Library\CMSIS\GD\GD32E50x\Sou
rce\ARM\startup_gd32e50x_hd.s
   Uses
      At line 104 in file ..\..\GD32E50x_Firmware_Library\CMSIS\GD\GD32E50x\Sou
rce\ARM\startup_gd32e50x_hd.s
      At line 264 in file ..\..\GD32E50x_Firmware_Library\CMSIS\GD\GD32E50x\Sou
rce\ARM\startup_gd32e50x_hd.s

DMA1_Channel0_IRQHandler 00000020

Symbol: DMA1_Channel0_IRQHandler
   Definitions
      At line 381 in file ..\..\GD32E50x_Firmware_Library\CMSIS\GD\GD32E50x\Sou
rce\ARM\startup_gd32e50x_hd.s
   Uses
      At line 143 in file ..\..\GD32E50x_Firmware_Library\CMSIS\GD\GD32E50x\Sou
rce\ARM\startup_gd32e50x_hd.s
      At line 303 in file ..\..\GD32E50x_Firmware_Library\CMSIS\GD\GD32E50x\Sou
rce\ARM\startup_gd32e50x_hd.s

DMA1_Channel1_IRQHandler 00000020

Symbol: DMA1_Channel1_IRQHandler
   Definitions
      At line 382 in file ..\..\GD32E50x_Firmware_Library\CMSIS\GD\GD32E50x\Sou
rce\ARM\startup_gd32e50x_hd.s
   Uses
      At line 144 in file ..\..\GD32E50x_Firmware_Library\CMSIS\GD\GD32E50x\Sou
rce\ARM\startup_gd32e50x_hd.s
      At line 304 in file ..\..\GD32E50x_Firmware_Library\CMSIS\GD\GD32E50x\Sou
rce\ARM\startup_gd32e50x_hd.s

DMA1_Channel2_IRQHandler 00000020

Symbol: DMA1_Channel2_IRQHandler
   Definitions
      At line 383 in file ..\..\GD32E50x_Firmware_Library\CMSIS\GD\GD32E50x\Sou
rce\ARM\startup_gd32e50x_hd.s
   Uses
      At line 145 in file ..\..\GD32E50x_Firmware_Library\CMSIS\GD\GD32E50x\Sou
rce\ARM\startup_gd32e50x_hd.s
      At line 305 in file ..\..\GD32E50x_Firmware_Library\CMSIS\GD\GD32E50x\Sou
rce\ARM\startup_gd32e50x_hd.s



ARM Macro Assembler    Page 5 Alphabetic symbol ordering
Relocatable symbols


DMA1_Channel3_4_IRQHandler 00000020

Symbol: DMA1_Channel3_4_IRQHandler
   Definitions
      At line 384 in file ..\..\GD32E50x_Firmware_Library\CMSIS\GD\GD32E50x\Sou
rce\ARM\startup_gd32e50x_hd.s
   Uses
      At line 146 in file ..\..\GD32E50x_Firmware_Library\CMSIS\GD\GD32E50x\Sou
rce\ARM\startup_gd32e50x_hd.s
      At line 306 in file ..\..\GD32E50x_Firmware_Library\CMSIS\GD\GD32E50x\Sou
rce\ARM\startup_gd32e50x_hd.s

DebugMon_Handler 0000001A

Symbol: DebugMon_Handler
   Definitions
      At line 230 in file ..\..\GD32E50x_Firmware_Library\CMSIS\GD\GD32E50x\Sou
rce\ARM\startup_gd32e50x_hd.s
   Uses
      At line 81 in file ..\..\GD32E50x_Firmware_Library\CMSIS\GD\GD32E50x\Sour
ce\ARM\startup_gd32e50x_hd.s
      At line 231 in file ..\..\GD32E50x_Firmware_Library\CMSIS\GD\GD32E50x\Sou
rce\ARM\startup_gd32e50x_hd.s

Default_Handler 00000020

Symbol: Default_Handler
   Definitions
      At line 245 in file ..\..\GD32E50x_Firmware_Library\CMSIS\GD\GD32E50x\Sou
rce\ARM\startup_gd32e50x_hd.s
   Uses
      None
Comment: Default_Handler unused
EXMC_IRQHandler 00000020

Symbol: EXMC_IRQHandler
   Definitions
      At line 373 in file ..\..\GD32E50x_Firmware_Library\CMSIS\GD\GD32E50x\Sou
rce\ARM\startup_gd32e50x_hd.s
   Uses
      At line 135 in file ..\..\GD32E50x_Firmware_Library\CMSIS\GD\GD32E50x\Sou
rce\ARM\startup_gd32e50x_hd.s
      At line 295 in file ..\..\GD32E50x_Firmware_Library\CMSIS\GD\GD32E50x\Sou
rce\ARM\startup_gd32e50x_hd.s

EXTI0_IRQHandler 00000020

Symbol: EXTI0_IRQHandler
   Definitions
      At line 331 in file ..\..\GD32E50x_Firmware_Library\CMSIS\GD\GD32E50x\Sou
rce\ARM\startup_gd32e50x_hd.s
   Uses
      At line 93 in file ..\..\GD32E50x_Firmware_Library\CMSIS\GD\GD32E50x\Sour
ce\ARM\startup_gd32e50x_hd.s
      At line 253 in file ..\..\GD32E50x_Firmware_Library\CMSIS\GD\GD32E50x\Sou
rce\ARM\startup_gd32e50x_hd.s

EXTI10_15_IRQHandler 00000020



ARM Macro Assembler    Page 6 Alphabetic symbol ordering
Relocatable symbols


Symbol: EXTI10_15_IRQHandler
   Definitions
      At line 365 in file ..\..\GD32E50x_Firmware_Library\CMSIS\GD\GD32E50x\Sou
rce\ARM\startup_gd32e50x_hd.s
   Uses
      At line 127 in file ..\..\GD32E50x_Firmware_Library\CMSIS\GD\GD32E50x\Sou
rce\ARM\startup_gd32e50x_hd.s
      At line 287 in file ..\..\GD32E50x_Firmware_Library\CMSIS\GD\GD32E50x\Sou
rce\ARM\startup_gd32e50x_hd.s

EXTI1_IRQHandler 00000020

Symbol: EXTI1_IRQHandler
   Definitions
      At line 332 in file ..\..\GD32E50x_Firmware_Library\CMSIS\GD\GD32E50x\Sou
rce\ARM\startup_gd32e50x_hd.s
   Uses
      At line 94 in file ..\..\GD32E50x_Firmware_Library\CMSIS\GD\GD32E50x\Sour
ce\ARM\startup_gd32e50x_hd.s
      At line 254 in file ..\..\GD32E50x_Firmware_Library\CMSIS\GD\GD32E50x\Sou
rce\ARM\startup_gd32e50x_hd.s

EXTI2_IRQHandler 00000020

Symbol: EXTI2_IRQHandler
   Definitions
      At line 333 in file ..\..\GD32E50x_Firmware_Library\CMSIS\GD\GD32E50x\Sou
rce\ARM\startup_gd32e50x_hd.s
   Uses
      At line 95 in file ..\..\GD32E50x_Firmware_Library\CMSIS\GD\GD32E50x\Sour
ce\ARM\startup_gd32e50x_hd.s
      At line 255 in file ..\..\GD32E50x_Firmware_Library\CMSIS\GD\GD32E50x\Sou
rce\ARM\startup_gd32e50x_hd.s

EXTI3_IRQHandler 00000020

Symbol: EXTI3_IRQHandler
   Definitions
      At line 334 in file ..\..\GD32E50x_Firmware_Library\CMSIS\GD\GD32E50x\Sou
rce\ARM\startup_gd32e50x_hd.s
   Uses
      At line 96 in file ..\..\GD32E50x_Firmware_Library\CMSIS\GD\GD32E50x\Sour
ce\ARM\startup_gd32e50x_hd.s
      At line 256 in file ..\..\GD32E50x_Firmware_Library\CMSIS\GD\GD32E50x\Sou
rce\ARM\startup_gd32e50x_hd.s

EXTI4_IRQHandler 00000020

Symbol: EXTI4_IRQHandler
   Definitions
      At line 335 in file ..\..\GD32E50x_Firmware_Library\CMSIS\GD\GD32E50x\Sou
rce\ARM\startup_gd32e50x_hd.s
   Uses
      At line 97 in file ..\..\GD32E50x_Firmware_Library\CMSIS\GD\GD32E50x\Sour
ce\ARM\startup_gd32e50x_hd.s
      At line 257 in file ..\..\GD32E50x_Firmware_Library\CMSIS\GD\GD32E50x\Sou
rce\ARM\startup_gd32e50x_hd.s




ARM Macro Assembler    Page 7 Alphabetic symbol ordering
Relocatable symbols

EXTI5_9_IRQHandler 00000020

Symbol: EXTI5_9_IRQHandler
   Definitions
      At line 348 in file ..\..\GD32E50x_Firmware_Library\CMSIS\GD\GD32E50x\Sou
rce\ARM\startup_gd32e50x_hd.s
   Uses
      At line 110 in file ..\..\GD32E50x_Firmware_Library\CMSIS\GD\GD32E50x\Sou
rce\ARM\startup_gd32e50x_hd.s
      At line 270 in file ..\..\GD32E50x_Firmware_Library\CMSIS\GD\GD32E50x\Sou
rce\ARM\startup_gd32e50x_hd.s

FMC_IRQHandler 00000020

Symbol: FMC_IRQHandler
   Definitions
      At line 329 in file ..\..\GD32E50x_Firmware_Library\CMSIS\GD\GD32E50x\Sou
rce\ARM\startup_gd32e50x_hd.s
   Uses
      At line 91 in file ..\..\GD32E50x_Firmware_Library\CMSIS\GD\GD32E50x\Sour
ce\ARM\startup_gd32e50x_hd.s
      At line 251 in file ..\..\GD32E50x_Firmware_Library\CMSIS\GD\GD32E50x\Sou
rce\ARM\startup_gd32e50x_hd.s

HardFault_Handler 00000010

Symbol: HardFault_Handler
   Definitions
      At line 206 in file ..\..\GD32E50x_Firmware_Library\CMSIS\GD\GD32E50x\Sou
rce\ARM\startup_gd32e50x_hd.s
   Uses
      At line 72 in file ..\..\GD32E50x_Firmware_Library\CMSIS\GD\GD32E50x\Sour
ce\ARM\startup_gd32e50x_hd.s
      At line 207 in file ..\..\GD32E50x_Firmware_Library\CMSIS\GD\GD32E50x\Sou
rce\ARM\startup_gd32e50x_hd.s

I2C0_ER_IRQHandler 00000020

Symbol: I2C0_ER_IRQHandler
   Definitions
      At line 357 in file ..\..\GD32E50x_Firmware_Library\CMSIS\GD\GD32E50x\Sou
rce\ARM\startup_gd32e50x_hd.s
   Uses
      At line 119 in file ..\..\GD32E50x_Firmware_Library\CMSIS\GD\GD32E50x\Sou
rce\ARM\startup_gd32e50x_hd.s
      At line 279 in file ..\..\GD32E50x_Firmware_Library\CMSIS\GD\GD32E50x\Sou
rce\ARM\startup_gd32e50x_hd.s

I2C0_EV_IRQHandler 00000020

Symbol: I2C0_EV_IRQHandler
   Definitions
      At line 356 in file ..\..\GD32E50x_Firmware_Library\CMSIS\GD\GD32E50x\Sou
rce\ARM\startup_gd32e50x_hd.s
   Uses
      At line 118 in file ..\..\GD32E50x_Firmware_Library\CMSIS\GD\GD32E50x\Sou
rce\ARM\startup_gd32e50x_hd.s
      At line 278 in file ..\..\GD32E50x_Firmware_Library\CMSIS\GD\GD32E50x\Sou
rce\ARM\startup_gd32e50x_hd.s



ARM Macro Assembler    Page 8 Alphabetic symbol ordering
Relocatable symbols


I2C1_ER_IRQHandler 00000020

Symbol: I2C1_ER_IRQHandler
   Definitions
      At line 359 in file ..\..\GD32E50x_Firmware_Library\CMSIS\GD\GD32E50x\Sou
rce\ARM\startup_gd32e50x_hd.s
   Uses
      At line 121 in file ..\..\GD32E50x_Firmware_Library\CMSIS\GD\GD32E50x\Sou
rce\ARM\startup_gd32e50x_hd.s
      At line 281 in file ..\..\GD32E50x_Firmware_Library\CMSIS\GD\GD32E50x\Sou
rce\ARM\startup_gd32e50x_hd.s

I2C1_EV_IRQHandler 00000020

Symbol: I2C1_EV_IRQHandler
   Definitions
      At line 358 in file ..\..\GD32E50x_Firmware_Library\CMSIS\GD\GD32E50x\Sou
rce\ARM\startup_gd32e50x_hd.s
   Uses
      At line 120 in file ..\..\GD32E50x_Firmware_Library\CMSIS\GD\GD32E50x\Sou
rce\ARM\startup_gd32e50x_hd.s
      At line 280 in file ..\..\GD32E50x_Firmware_Library\CMSIS\GD\GD32E50x\Sou
rce\ARM\startup_gd32e50x_hd.s

I2C2_ER_IRQHandler 00000020

Symbol: I2C2_ER_IRQHandler
   Definitions
      At line 397 in file ..\..\GD32E50x_Firmware_Library\CMSIS\GD\GD32E50x\Sou
rce\ARM\startup_gd32e50x_hd.s
   Uses
      At line 170 in file ..\..\GD32E50x_Firmware_Library\CMSIS\GD\GD32E50x\Sou
rce\ARM\startup_gd32e50x_hd.s
      At line 319 in file ..\..\GD32E50x_Firmware_Library\CMSIS\GD\GD32E50x\Sou
rce\ARM\startup_gd32e50x_hd.s

I2C2_EV_IRQHandler 00000020

Symbol: I2C2_EV_IRQHandler
   Definitions
      At line 396 in file ..\..\GD32E50x_Firmware_Library\CMSIS\GD\GD32E50x\Sou
rce\ARM\startup_gd32e50x_hd.s
   Uses
      At line 169 in file ..\..\GD32E50x_Firmware_Library\CMSIS\GD\GD32E50x\Sou
rce\ARM\startup_gd32e50x_hd.s
      At line 318 in file ..\..\GD32E50x_Firmware_Library\CMSIS\GD\GD32E50x\Sou
rce\ARM\startup_gd32e50x_hd.s

I2C2_WKUP_IRQHandler 00000020

Symbol: I2C2_WKUP_IRQHandler
   Definitions
      At line 399 in file ..\..\GD32E50x_Firmware_Library\CMSIS\GD\GD32E50x\Sou
rce\ARM\startup_gd32e50x_hd.s
   Uses
      At line 172 in file ..\..\GD32E50x_Firmware_Library\CMSIS\GD\GD32E50x\Sou
rce\ARM\startup_gd32e50x_hd.s
      At line 321 in file ..\..\GD32E50x_Firmware_Library\CMSIS\GD\GD32E50x\Sou



ARM Macro Assembler    Page 9 Alphabetic symbol ordering
Relocatable symbols

rce\ARM\startup_gd32e50x_hd.s

LVD_IRQHandler 00000020

Symbol: LVD_IRQHandler
   Definitions
      At line 326 in file ..\..\GD32E50x_Firmware_Library\CMSIS\GD\GD32E50x\Sou
rce\ARM\startup_gd32e50x_hd.s
   Uses
      At line 88 in file ..\..\GD32E50x_Firmware_Library\CMSIS\GD\GD32E50x\Sour
ce\ARM\startup_gd32e50x_hd.s
      At line 248 in file ..\..\GD32E50x_Firmware_Library\CMSIS\GD\GD32E50x\Sou
rce\ARM\startup_gd32e50x_hd.s

MSR_MSP2 00000008

Symbol: MSR_MSP2
   Definitions
      At line 193 in file ..\..\GD32E50x_Firmware_Library\CMSIS\GD\GD32E50x\Sou
rce\ARM\startup_gd32e50x_hd.s
   Uses
      At line 194 in file ..\..\GD32E50x_Firmware_Library\CMSIS\GD\GD32E50x\Sou
rce\ARM\startup_gd32e50x_hd.s
Comment: MSR_MSP2 used once
MemManage_Handler 00000012

Symbol: MemManage_Handler
   Definitions
      At line 211 in file ..\..\GD32E50x_Firmware_Library\CMSIS\GD\GD32E50x\Sou
rce\ARM\startup_gd32e50x_hd.s
   Uses
      At line 73 in file ..\..\GD32E50x_Firmware_Library\CMSIS\GD\GD32E50x\Sour
ce\ARM\startup_gd32e50x_hd.s
      At line 212 in file ..\..\GD32E50x_Firmware_Library\CMSIS\GD\GD32E50x\Sou
rce\ARM\startup_gd32e50x_hd.s

NMI_Handler 0000000E

Symbol: NMI_Handler
   Definitions
      At line 201 in file ..\..\GD32E50x_Firmware_Library\CMSIS\GD\GD32E50x\Sou
rce\ARM\startup_gd32e50x_hd.s
   Uses
      At line 71 in file ..\..\GD32E50x_Firmware_Library\CMSIS\GD\GD32E50x\Sour
ce\ARM\startup_gd32e50x_hd.s
      At line 202 in file ..\..\GD32E50x_Firmware_Library\CMSIS\GD\GD32E50x\Sou
rce\ARM\startup_gd32e50x_hd.s

PendSV_Handler 0000001C

Symbol: PendSV_Handler
   Definitions
      At line 235 in file ..\..\GD32E50x_Firmware_Library\CMSIS\GD\GD32E50x\Sou
rce\ARM\startup_gd32e50x_hd.s
   Uses
      At line 83 in file ..\..\GD32E50x_Firmware_Library\CMSIS\GD\GD32E50x\Sour
ce\ARM\startup_gd32e50x_hd.s
      At line 236 in file ..\..\GD32E50x_Firmware_Library\CMSIS\GD\GD32E50x\Sou
rce\ARM\startup_gd32e50x_hd.s



ARM Macro Assembler    Page 10 Alphabetic symbol ordering
Relocatable symbols


RCU_CTC_IRQHandler 00000020

Symbol: RCU_CTC_IRQHandler
   Definitions
      At line 330 in file ..\..\GD32E50x_Firmware_Library\CMSIS\GD\GD32E50x\Sou
rce\ARM\startup_gd32e50x_hd.s
   Uses
      At line 92 in file ..\..\GD32E50x_Firmware_Library\CMSIS\GD\GD32E50x\Sour
ce\ARM\startup_gd32e50x_hd.s
      At line 252 in file ..\..\GD32E50x_Firmware_Library\CMSIS\GD\GD32E50x\Sou
rce\ARM\startup_gd32e50x_hd.s

RTC_Alarm_IRQHandler 00000020

Symbol: RTC_Alarm_IRQHandler
   Definitions
      At line 366 in file ..\..\GD32E50x_Firmware_Library\CMSIS\GD\GD32E50x\Sou
rce\ARM\startup_gd32e50x_hd.s
   Uses
      At line 128 in file ..\..\GD32E50x_Firmware_Library\CMSIS\GD\GD32E50x\Sou
rce\ARM\startup_gd32e50x_hd.s
      At line 288 in file ..\..\GD32E50x_Firmware_Library\CMSIS\GD\GD32E50x\Sou
rce\ARM\startup_gd32e50x_hd.s

RTC_IRQHandler 00000020

Symbol: RTC_IRQHandler
   Definitions
      At line 328 in file ..\..\GD32E50x_Firmware_Library\CMSIS\GD\GD32E50x\Sou
rce\ARM\startup_gd32e50x_hd.s
   Uses
      At line 90 in file ..\..\GD32E50x_Firmware_Library\CMSIS\GD\GD32E50x\Sour
ce\ARM\startup_gd32e50x_hd.s
      At line 250 in file ..\..\GD32E50x_Firmware_Library\CMSIS\GD\GD32E50x\Sou
rce\ARM\startup_gd32e50x_hd.s

Reset_Handler 00000000

Symbol: Reset_Handler
   Definitions
      At line 183 in file ..\..\GD32E50x_Firmware_Library\CMSIS\GD\GD32E50x\Sou
rce\ARM\startup_gd32e50x_hd.s
   Uses
      At line 70 in file ..\..\GD32E50x_Firmware_Library\CMSIS\GD\GD32E50x\Sour
ce\ARM\startup_gd32e50x_hd.s
      At line 184 in file ..\..\GD32E50x_Firmware_Library\CMSIS\GD\GD32E50x\Sou
rce\ARM\startup_gd32e50x_hd.s

SDIO_IRQHandler 00000020

Symbol: SDIO_IRQHandler
   Definitions
      At line 374 in file ..\..\GD32E50x_Firmware_Library\CMSIS\GD\GD32E50x\Sou
rce\ARM\startup_gd32e50x_hd.s
   Uses
      At line 136 in file ..\..\GD32E50x_Firmware_Library\CMSIS\GD\GD32E50x\Sou
rce\ARM\startup_gd32e50x_hd.s
      At line 296 in file ..\..\GD32E50x_Firmware_Library\CMSIS\GD\GD32E50x\Sou



ARM Macro Assembler    Page 11 Alphabetic symbol ordering
Relocatable symbols

rce\ARM\startup_gd32e50x_hd.s

SHRTIMER_IRQ0_IRQHandler 00000020

Symbol: SHRTIMER_IRQ0_IRQHandler
   Definitions
      At line 394 in file ..\..\GD32E50x_Firmware_Library\CMSIS\GD\GD32E50x\Sou
rce\ARM\startup_gd32e50x_hd.s
   Uses
      At line 163 in file ..\..\GD32E50x_Firmware_Library\CMSIS\GD\GD32E50x\Sou
rce\ARM\startup_gd32e50x_hd.s
      At line 316 in file ..\..\GD32E50x_Firmware_Library\CMSIS\GD\GD32E50x\Sou
rce\ARM\startup_gd32e50x_hd.s

SHRTIMER_IRQ1_IRQHandler 00000020

Symbol: SHRTIMER_IRQ1_IRQHandler
   Definitions
      At line 395 in file ..\..\GD32E50x_Firmware_Library\CMSIS\GD\GD32E50x\Sou
rce\ARM\startup_gd32e50x_hd.s
   Uses
      At line 164 in file ..\..\GD32E50x_Firmware_Library\CMSIS\GD\GD32E50x\Sou
rce\ARM\startup_gd32e50x_hd.s
      At line 317 in file ..\..\GD32E50x_Firmware_Library\CMSIS\GD\GD32E50x\Sou
rce\ARM\startup_gd32e50x_hd.s

SHRTIMER_IRQ2_IRQHandler 00000020

Symbol: SHRTIMER_IRQ2_IRQHandler
   Definitions
      At line 389 in file ..\..\GD32E50x_Firmware_Library\CMSIS\GD\GD32E50x\Sou
rce\ARM\startup_gd32e50x_hd.s
   Uses
      At line 156 in file ..\..\GD32E50x_Firmware_Library\CMSIS\GD\GD32E50x\Sou
rce\ARM\startup_gd32e50x_hd.s
      At line 311 in file ..\..\GD32E50x_Firmware_Library\CMSIS\GD\GD32E50x\Sou
rce\ARM\startup_gd32e50x_hd.s

SHRTIMER_IRQ3_IRQHandler 00000020

Symbol: SHRTIMER_IRQ3_IRQHandler
   Definitions
      At line 390 in file ..\..\GD32E50x_Firmware_Library\CMSIS\GD\GD32E50x\Sou
rce\ARM\startup_gd32e50x_hd.s
   Uses
      At line 157 in file ..\..\GD32E50x_Firmware_Library\CMSIS\GD\GD32E50x\Sou
rce\ARM\startup_gd32e50x_hd.s
      At line 312 in file ..\..\GD32E50x_Firmware_Library\CMSIS\GD\GD32E50x\Sou
rce\ARM\startup_gd32e50x_hd.s

SHRTIMER_IRQ4_IRQHandler 00000020

Symbol: SHRTIMER_IRQ4_IRQHandler
   Definitions
      At line 391 in file ..\..\GD32E50x_Firmware_Library\CMSIS\GD\GD32E50x\Sou
rce\ARM\startup_gd32e50x_hd.s
   Uses
      At line 158 in file ..\..\GD32E50x_Firmware_Library\CMSIS\GD\GD32E50x\Sou
rce\ARM\startup_gd32e50x_hd.s



ARM Macro Assembler    Page 12 Alphabetic symbol ordering
Relocatable symbols

      At line 313 in file ..\..\GD32E50x_Firmware_Library\CMSIS\GD\GD32E50x\Sou
rce\ARM\startup_gd32e50x_hd.s

SHRTIMER_IRQ5_IRQHandler 00000020

Symbol: SHRTIMER_IRQ5_IRQHandler
   Definitions
      At line 392 in file ..\..\GD32E50x_Firmware_Library\CMSIS\GD\GD32E50x\Sou
rce\ARM\startup_gd32e50x_hd.s
   Uses
      At line 159 in file ..\..\GD32E50x_Firmware_Library\CMSIS\GD\GD32E50x\Sou
rce\ARM\startup_gd32e50x_hd.s
      At line 314 in file ..\..\GD32E50x_Firmware_Library\CMSIS\GD\GD32E50x\Sou
rce\ARM\startup_gd32e50x_hd.s

SHRTIMER_IRQ6_IRQHandler 00000020

Symbol: SHRTIMER_IRQ6_IRQHandler
   Definitions
      At line 393 in file ..\..\GD32E50x_Firmware_Library\CMSIS\GD\GD32E50x\Sou
rce\ARM\startup_gd32e50x_hd.s
   Uses
      At line 160 in file ..\..\GD32E50x_Firmware_Library\CMSIS\GD\GD32E50x\Sou
rce\ARM\startup_gd32e50x_hd.s
      At line 315 in file ..\..\GD32E50x_Firmware_Library\CMSIS\GD\GD32E50x\Sou
rce\ARM\startup_gd32e50x_hd.s

SPI0_IRQHandler 00000020

Symbol: SPI0_IRQHandler
   Definitions
      At line 360 in file ..\..\GD32E50x_Firmware_Library\CMSIS\GD\GD32E50x\Sou
rce\ARM\startup_gd32e50x_hd.s
   Uses
      At line 122 in file ..\..\GD32E50x_Firmware_Library\CMSIS\GD\GD32E50x\Sou
rce\ARM\startup_gd32e50x_hd.s
      At line 282 in file ..\..\GD32E50x_Firmware_Library\CMSIS\GD\GD32E50x\Sou
rce\ARM\startup_gd32e50x_hd.s

SPI1_I2S1ADD_IRQHandler 00000020

Symbol: SPI1_I2S1ADD_IRQHandler
   Definitions
      At line 361 in file ..\..\GD32E50x_Firmware_Library\CMSIS\GD\GD32E50x\Sou
rce\ARM\startup_gd32e50x_hd.s
   Uses
      At line 123 in file ..\..\GD32E50x_Firmware_Library\CMSIS\GD\GD32E50x\Sou
rce\ARM\startup_gd32e50x_hd.s
      At line 283 in file ..\..\GD32E50x_Firmware_Library\CMSIS\GD\GD32E50x\Sou
rce\ARM\startup_gd32e50x_hd.s

SPI2_I2S2ADD_IRQHandler 00000020

Symbol: SPI2_I2S2ADD_IRQHandler
   Definitions
      At line 376 in file ..\..\GD32E50x_Firmware_Library\CMSIS\GD\GD32E50x\Sou
rce\ARM\startup_gd32e50x_hd.s
   Uses
      At line 138 in file ..\..\GD32E50x_Firmware_Library\CMSIS\GD\GD32E50x\Sou



ARM Macro Assembler    Page 13 Alphabetic symbol ordering
Relocatable symbols

rce\ARM\startup_gd32e50x_hd.s
      At line 298 in file ..\..\GD32E50x_Firmware_Library\CMSIS\GD\GD32E50x\Sou
rce\ARM\startup_gd32e50x_hd.s

SVC_Handler 00000018

Symbol: SVC_Handler
   Definitions
      At line 225 in file ..\..\GD32E50x_Firmware_Library\CMSIS\GD\GD32E50x\Sou
rce\ARM\startup_gd32e50x_hd.s
   Uses
      At line 80 in file ..\..\GD32E50x_Firmware_Library\CMSIS\GD\GD32E50x\Sour
ce\ARM\startup_gd32e50x_hd.s
      At line 226 in file ..\..\GD32E50x_Firmware_Library\CMSIS\GD\GD32E50x\Sou
rce\ARM\startup_gd32e50x_hd.s

SysTick_Handler 0000001E

Symbol: SysTick_Handler
   Definitions
      At line 240 in file ..\..\GD32E50x_Firmware_Library\CMSIS\GD\GD32E50x\Sou
rce\ARM\startup_gd32e50x_hd.s
   Uses
      At line 84 in file ..\..\GD32E50x_Firmware_Library\CMSIS\GD\GD32E50x\Sour
ce\ARM\startup_gd32e50x_hd.s
      At line 241 in file ..\..\GD32E50x_Firmware_Library\CMSIS\GD\GD32E50x\Sou
rce\ARM\startup_gd32e50x_hd.s

TAMPER_IRQHandler 00000020

Symbol: TAMPER_IRQHandler
   Definitions
      At line 327 in file ..\..\GD32E50x_Firmware_Library\CMSIS\GD\GD32E50x\Sou
rce\ARM\startup_gd32e50x_hd.s
   Uses
      At line 89 in file ..\..\GD32E50x_Firmware_Library\CMSIS\GD\GD32E50x\Sour
ce\ARM\startup_gd32e50x_hd.s
      At line 249 in file ..\..\GD32E50x_Firmware_Library\CMSIS\GD\GD32E50x\Sou
rce\ARM\startup_gd32e50x_hd.s

TIMER0_BRK_IRQHandler 00000020

Symbol: TIMER0_BRK_IRQHandler
   Definitions
      At line 349 in file ..\..\GD32E50x_Firmware_Library\CMSIS\GD\GD32E50x\Sou
rce\ARM\startup_gd32e50x_hd.s
   Uses
      At line 111 in file ..\..\GD32E50x_Firmware_Library\CMSIS\GD\GD32E50x\Sou
rce\ARM\startup_gd32e50x_hd.s
      At line 271 in file ..\..\GD32E50x_Firmware_Library\CMSIS\GD\GD32E50x\Sou
rce\ARM\startup_gd32e50x_hd.s

TIMER0_Channel_IRQHandler 00000020

Symbol: TIMER0_Channel_IRQHandler
   Definitions
      At line 352 in file ..\..\GD32E50x_Firmware_Library\CMSIS\GD\GD32E50x\Sou
rce\ARM\startup_gd32e50x_hd.s
   Uses



ARM Macro Assembler    Page 14 Alphabetic symbol ordering
Relocatable symbols

      At line 114 in file ..\..\GD32E50x_Firmware_Library\CMSIS\GD\GD32E50x\Sou
rce\ARM\startup_gd32e50x_hd.s
      At line 274 in file ..\..\GD32E50x_Firmware_Library\CMSIS\GD\GD32E50x\Sou
rce\ARM\startup_gd32e50x_hd.s

TIMER0_TRG_CMT_IRQHandler 00000020

Symbol: TIMER0_TRG_CMT_IRQHandler
   Definitions
      At line 351 in file ..\..\GD32E50x_Firmware_Library\CMSIS\GD\GD32E50x\Sou
rce\ARM\startup_gd32e50x_hd.s
   Uses
      At line 113 in file ..\..\GD32E50x_Firmware_Library\CMSIS\GD\GD32E50x\Sou
rce\ARM\startup_gd32e50x_hd.s
      At line 273 in file ..\..\GD32E50x_Firmware_Library\CMSIS\GD\GD32E50x\Sou
rce\ARM\startup_gd32e50x_hd.s

TIMER0_UP_IRQHandler 00000020

Symbol: TIMER0_UP_IRQHandler
   Definitions
      At line 350 in file ..\..\GD32E50x_Firmware_Library\CMSIS\GD\GD32E50x\Sou
rce\ARM\startup_gd32e50x_hd.s
   Uses
      At line 112 in file ..\..\GD32E50x_Firmware_Library\CMSIS\GD\GD32E50x\Sou
rce\ARM\startup_gd32e50x_hd.s
      At line 272 in file ..\..\GD32E50x_Firmware_Library\CMSIS\GD\GD32E50x\Sou
rce\ARM\startup_gd32e50x_hd.s

TIMER1_IRQHandler 00000020

Symbol: TIMER1_IRQHandler
   Definitions
      At line 353 in file ..\..\GD32E50x_Firmware_Library\CMSIS\GD\GD32E50x\Sou
rce\ARM\startup_gd32e50x_hd.s
   Uses
      At line 115 in file ..\..\GD32E50x_Firmware_Library\CMSIS\GD\GD32E50x\Sou
rce\ARM\startup_gd32e50x_hd.s
      At line 275 in file ..\..\GD32E50x_Firmware_Library\CMSIS\GD\GD32E50x\Sou
rce\ARM\startup_gd32e50x_hd.s

TIMER2_IRQHandler 00000020

Symbol: TIMER2_IRQHandler
   Definitions
      At line 354 in file ..\..\GD32E50x_Firmware_Library\CMSIS\GD\GD32E50x\Sou
rce\ARM\startup_gd32e50x_hd.s
   Uses
      At line 116 in file ..\..\GD32E50x_Firmware_Library\CMSIS\GD\GD32E50x\Sou
rce\ARM\startup_gd32e50x_hd.s
      At line 276 in file ..\..\GD32E50x_Firmware_Library\CMSIS\GD\GD32E50x\Sou
rce\ARM\startup_gd32e50x_hd.s

TIMER3_IRQHandler 00000020

Symbol: TIMER3_IRQHandler
   Definitions
      At line 355 in file ..\..\GD32E50x_Firmware_Library\CMSIS\GD\GD32E50x\Sou
rce\ARM\startup_gd32e50x_hd.s



ARM Macro Assembler    Page 15 Alphabetic symbol ordering
Relocatable symbols

   Uses
      At line 117 in file ..\..\GD32E50x_Firmware_Library\CMSIS\GD\GD32E50x\Sou
rce\ARM\startup_gd32e50x_hd.s
      At line 277 in file ..\..\GD32E50x_Firmware_Library\CMSIS\GD\GD32E50x\Sou
rce\ARM\startup_gd32e50x_hd.s

TIMER4_IRQHandler 00000020

Symbol: TIMER4_IRQHandler
   Definitions
      At line 375 in file ..\..\GD32E50x_Firmware_Library\CMSIS\GD\GD32E50x\Sou
rce\ARM\startup_gd32e50x_hd.s
   Uses
      At line 137 in file ..\..\GD32E50x_Firmware_Library\CMSIS\GD\GD32E50x\Sou
rce\ARM\startup_gd32e50x_hd.s
      At line 297 in file ..\..\GD32E50x_Firmware_Library\CMSIS\GD\GD32E50x\Sou
rce\ARM\startup_gd32e50x_hd.s

TIMER5_DAC_IRQHandler 00000020

Symbol: TIMER5_DAC_IRQHandler
   Definitions
      At line 379 in file ..\..\GD32E50x_Firmware_Library\CMSIS\GD\GD32E50x\Sou
rce\ARM\startup_gd32e50x_hd.s
   Uses
      At line 141 in file ..\..\GD32E50x_Firmware_Library\CMSIS\GD\GD32E50x\Sou
rce\ARM\startup_gd32e50x_hd.s
      At line 301 in file ..\..\GD32E50x_Firmware_Library\CMSIS\GD\GD32E50x\Sou
rce\ARM\startup_gd32e50x_hd.s

TIMER6_IRQHandler 00000020

Symbol: TIMER6_IRQHandler
   Definitions
      At line 380 in file ..\..\GD32E50x_Firmware_Library\CMSIS\GD\GD32E50x\Sou
rce\ARM\startup_gd32e50x_hd.s
   Uses
      At line 142 in file ..\..\GD32E50x_Firmware_Library\CMSIS\GD\GD32E50x\Sou
rce\ARM\startup_gd32e50x_hd.s
      At line 302 in file ..\..\GD32E50x_Firmware_Library\CMSIS\GD\GD32E50x\Sou
rce\ARM\startup_gd32e50x_hd.s

TIMER7_BRK_IRQHandler 00000020

Symbol: TIMER7_BRK_IRQHandler
   Definitions
      At line 368 in file ..\..\GD32E50x_Firmware_Library\CMSIS\GD\GD32E50x\Sou
rce\ARM\startup_gd32e50x_hd.s
   Uses
      At line 130 in file ..\..\GD32E50x_Firmware_Library\CMSIS\GD\GD32E50x\Sou
rce\ARM\startup_gd32e50x_hd.s
      At line 290 in file ..\..\GD32E50x_Firmware_Library\CMSIS\GD\GD32E50x\Sou
rce\ARM\startup_gd32e50x_hd.s

TIMER7_Channel_IRQHandler 00000020

Symbol: TIMER7_Channel_IRQHandler
   Definitions
      At line 371 in file ..\..\GD32E50x_Firmware_Library\CMSIS\GD\GD32E50x\Sou



ARM Macro Assembler    Page 16 Alphabetic symbol ordering
Relocatable symbols

rce\ARM\startup_gd32e50x_hd.s
   Uses
      At line 133 in file ..\..\GD32E50x_Firmware_Library\CMSIS\GD\GD32E50x\Sou
rce\ARM\startup_gd32e50x_hd.s
      At line 293 in file ..\..\GD32E50x_Firmware_Library\CMSIS\GD\GD32E50x\Sou
rce\ARM\startup_gd32e50x_hd.s

TIMER7_TRG_CMT_IRQHandler 00000020

Symbol: TIMER7_TRG_CMT_IRQHandler
   Definitions
      At line 370 in file ..\..\GD32E50x_Firmware_Library\CMSIS\GD\GD32E50x\Sou
rce\ARM\startup_gd32e50x_hd.s
   Uses
      At line 132 in file ..\..\GD32E50x_Firmware_Library\CMSIS\GD\GD32E50x\Sou
rce\ARM\startup_gd32e50x_hd.s
      At line 292 in file ..\..\GD32E50x_Firmware_Library\CMSIS\GD\GD32E50x\Sou
rce\ARM\startup_gd32e50x_hd.s

TIMER7_UP_IRQHandler 00000020

Symbol: TIMER7_UP_IRQHandler
   Definitions
      At line 369 in file ..\..\GD32E50x_Firmware_Library\CMSIS\GD\GD32E50x\Sou
rce\ARM\startup_gd32e50x_hd.s
   Uses
      At line 131 in file ..\..\GD32E50x_Firmware_Library\CMSIS\GD\GD32E50x\Sou
rce\ARM\startup_gd32e50x_hd.s
      At line 291 in file ..\..\GD32E50x_Firmware_Library\CMSIS\GD\GD32E50x\Sou
rce\ARM\startup_gd32e50x_hd.s

UART3_IRQHandler 00000020

Symbol: UART3_IRQHandler
   Definitions
      At line 377 in file ..\..\GD32E50x_Firmware_Library\CMSIS\GD\GD32E50x\Sou
rce\ARM\startup_gd32e50x_hd.s
   Uses
      At line 139 in file ..\..\GD32E50x_Firmware_Library\CMSIS\GD\GD32E50x\Sou
rce\ARM\startup_gd32e50x_hd.s
      At line 299 in file ..\..\GD32E50x_Firmware_Library\CMSIS\GD\GD32E50x\Sou
rce\ARM\startup_gd32e50x_hd.s

UART4_IRQHandler 00000020

Symbol: UART4_IRQHandler
   Definitions
      At line 378 in file ..\..\GD32E50x_Firmware_Library\CMSIS\GD\GD32E50x\Sou
rce\ARM\startup_gd32e50x_hd.s
   Uses
      At line 140 in file ..\..\GD32E50x_Firmware_Library\CMSIS\GD\GD32E50x\Sou
rce\ARM\startup_gd32e50x_hd.s
      At line 300 in file ..\..\GD32E50x_Firmware_Library\CMSIS\GD\GD32E50x\Sou
rce\ARM\startup_gd32e50x_hd.s

USART0_IRQHandler 00000020

Symbol: USART0_IRQHandler
   Definitions



ARM Macro Assembler    Page 17 Alphabetic symbol ordering
Relocatable symbols

      At line 362 in file ..\..\GD32E50x_Firmware_Library\CMSIS\GD\GD32E50x\Sou
rce\ARM\startup_gd32e50x_hd.s
   Uses
      At line 124 in file ..\..\GD32E50x_Firmware_Library\CMSIS\GD\GD32E50x\Sou
rce\ARM\startup_gd32e50x_hd.s
      At line 284 in file ..\..\GD32E50x_Firmware_Library\CMSIS\GD\GD32E50x\Sou
rce\ARM\startup_gd32e50x_hd.s

USART1_IRQHandler 00000020

Symbol: USART1_IRQHandler
   Definitions
      At line 363 in file ..\..\GD32E50x_Firmware_Library\CMSIS\GD\GD32E50x\Sou
rce\ARM\startup_gd32e50x_hd.s
   Uses
      At line 125 in file ..\..\GD32E50x_Firmware_Library\CMSIS\GD\GD32E50x\Sou
rce\ARM\startup_gd32e50x_hd.s
      At line 285 in file ..\..\GD32E50x_Firmware_Library\CMSIS\GD\GD32E50x\Sou
rce\ARM\startup_gd32e50x_hd.s

USART2_IRQHandler 00000020

Symbol: USART2_IRQHandler
   Definitions
      At line 364 in file ..\..\GD32E50x_Firmware_Library\CMSIS\GD\GD32E50x\Sou
rce\ARM\startup_gd32e50x_hd.s
   Uses
      At line 126 in file ..\..\GD32E50x_Firmware_Library\CMSIS\GD\GD32E50x\Sou
rce\ARM\startup_gd32e50x_hd.s
      At line 286 in file ..\..\GD32E50x_Firmware_Library\CMSIS\GD\GD32E50x\Sou
rce\ARM\startup_gd32e50x_hd.s

USART5_IRQHandler 00000020

Symbol: USART5_IRQHandler
   Definitions
      At line 398 in file ..\..\GD32E50x_Firmware_Library\CMSIS\GD\GD32E50x\Sou
rce\ARM\startup_gd32e50x_hd.s
   Uses
      At line 171 in file ..\..\GD32E50x_Firmware_Library\CMSIS\GD\GD32E50x\Sou
rce\ARM\startup_gd32e50x_hd.s
      At line 320 in file ..\..\GD32E50x_Firmware_Library\CMSIS\GD\GD32E50x\Sou
rce\ARM\startup_gd32e50x_hd.s

USART5_WKUP_IRQHandler 00000020

Symbol: USART5_WKUP_IRQHandler
   Definitions
      At line 400 in file ..\..\GD32E50x_Firmware_Library\CMSIS\GD\GD32E50x\Sou
rce\ARM\startup_gd32e50x_hd.s
   Uses
      At line 173 in file ..\..\GD32E50x_Firmware_Library\CMSIS\GD\GD32E50x\Sou
rce\ARM\startup_gd32e50x_hd.s
      At line 322 in file ..\..\GD32E50x_Firmware_Library\CMSIS\GD\GD32E50x\Sou
rce\ARM\startup_gd32e50x_hd.s

USBD_HP_CAN0_TX_IRQHandler 00000020

Symbol: USBD_HP_CAN0_TX_IRQHandler



ARM Macro Assembler    Page 18 Alphabetic symbol ordering
Relocatable symbols

   Definitions
      At line 344 in file ..\..\GD32E50x_Firmware_Library\CMSIS\GD\GD32E50x\Sou
rce\ARM\startup_gd32e50x_hd.s
   Uses
      At line 106 in file ..\..\GD32E50x_Firmware_Library\CMSIS\GD\GD32E50x\Sou
rce\ARM\startup_gd32e50x_hd.s
      At line 266 in file ..\..\GD32E50x_Firmware_Library\CMSIS\GD\GD32E50x\Sou
rce\ARM\startup_gd32e50x_hd.s

USBD_LP_CAN0_RX0_IRQHandler 00000020

Symbol: USBD_LP_CAN0_RX0_IRQHandler
   Definitions
      At line 345 in file ..\..\GD32E50x_Firmware_Library\CMSIS\GD\GD32E50x\Sou
rce\ARM\startup_gd32e50x_hd.s
   Uses
      At line 107 in file ..\..\GD32E50x_Firmware_Library\CMSIS\GD\GD32E50x\Sou
rce\ARM\startup_gd32e50x_hd.s
      At line 267 in file ..\..\GD32E50x_Firmware_Library\CMSIS\GD\GD32E50x\Sou
rce\ARM\startup_gd32e50x_hd.s

USBD_WKUP_IRQHandler 00000020

Symbol: USBD_WKUP_IRQHandler
   Definitions
      At line 367 in file ..\..\GD32E50x_Firmware_Library\CMSIS\GD\GD32E50x\Sou
rce\ARM\startup_gd32e50x_hd.s
   Uses
      At line 129 in file ..\..\GD32E50x_Firmware_Library\CMSIS\GD\GD32E50x\Sou
rce\ARM\startup_gd32e50x_hd.s
      At line 289 in file ..\..\GD32E50x_Firmware_Library\CMSIS\GD\GD32E50x\Sou
rce\ARM\startup_gd32e50x_hd.s

UsageFault_Handler 00000016

Symbol: UsageFault_Handler
   Definitions
      At line 221 in file ..\..\GD32E50x_Firmware_Library\CMSIS\GD\GD32E50x\Sou
rce\ARM\startup_gd32e50x_hd.s
   Uses
      At line 75 in file ..\..\GD32E50x_Firmware_Library\CMSIS\GD\GD32E50x\Sour
ce\ARM\startup_gd32e50x_hd.s
      At line 222 in file ..\..\GD32E50x_Firmware_Library\CMSIS\GD\GD32E50x\Sou
rce\ARM\startup_gd32e50x_hd.s

WWDGT_IRQHandler 00000020

Symbol: WWDGT_IRQHandler
   Definitions
      At line 325 in file ..\..\GD32E50x_Firmware_Library\CMSIS\GD\GD32E50x\Sou
rce\ARM\startup_gd32e50x_hd.s
   Uses
      At line 87 in file ..\..\GD32E50x_Firmware_Library\CMSIS\GD\GD32E50x\Sour
ce\ARM\startup_gd32e50x_hd.s
      At line 247 in file ..\..\GD32E50x_Firmware_Library\CMSIS\GD\GD32E50x\Sou
rce\ARM\startup_gd32e50x_hd.s

89 symbols



ARM Macro Assembler    Page 1 Alphabetic symbol ordering
Absolute symbols

Heap_Size 00001000

Symbol: Heap_Size
   Definitions
      At line 53 in file ..\..\GD32E50x_Firmware_Library\CMSIS\GD\GD32E50x\Sour
ce\ARM\startup_gd32e50x_hd.s
   Uses
      At line 57 in file ..\..\GD32E50x_Firmware_Library\CMSIS\GD\GD32E50x\Sour
ce\ARM\startup_gd32e50x_hd.s
Comment: Heap_Size used once
Stack_Size 00002000

Symbol: Stack_Size
   Definitions
      At line 42 in file ..\..\GD32E50x_Firmware_Library\CMSIS\GD\GD32E50x\Sour
ce\ARM\startup_gd32e50x_hd.s
   Uses
      At line 45 in file ..\..\GD32E50x_Firmware_Library\CMSIS\GD\GD32E50x\Sour
ce\ARM\startup_gd32e50x_hd.s
Comment: Stack_Size used once
__Vectors_Size 000001A0

Symbol: __Vectors_Size
   Definitions
      At line 178 in file ..\..\GD32E50x_Firmware_Library\CMSIS\GD\GD32E50x\Sou
rce\ARM\startup_gd32e50x_hd.s
   Uses
      At line 67 in file ..\..\GD32E50x_Firmware_Library\CMSIS\GD\GD32E50x\Sour
ce\ARM\startup_gd32e50x_hd.s
Comment: __Vectors_Size used once
3 symbols



ARM Macro Assembler    Page 1 Alphabetic symbol ordering
External symbols

SystemInit 00000000

Symbol: SystemInit
   Definitions
      At line 185 in file ..\..\GD32E50x_Firmware_Library\CMSIS\GD\GD32E50x\Sou
rce\ARM\startup_gd32e50x_hd.s
   Uses
      At line 187 in file ..\..\GD32E50x_Firmware_Library\CMSIS\GD\GD32E50x\Sou
rce\ARM\startup_gd32e50x_hd.s
Comment: SystemInit used once
__main 00000000

Symbol: __main
   Definitions
      At line 186 in file ..\..\GD32E50x_Firmware_Library\CMSIS\GD\GD32E50x\Sou
rce\ARM\startup_gd32e50x_hd.s
   Uses
      At line 189 in file ..\..\GD32E50x_Firmware_Library\CMSIS\GD\GD32E50x\Sou
rce\ARM\startup_gd32e50x_hd.s
Comment: __main used once
2 symbols
441 symbols in table
